2024-01-23 16:42:17 : validing
2024-01-23 16:42:29 : AUC_valid：0.5705511368850938
ACC：0.9503604081034736
f1：0.02640752086194148
Precision：0.08686587908269632
Recall：0.015570503238664674
---------------------
2024-01-23 16:45:19 : validing
2024-01-23 16:45:31 : AUC_valid：0.6917031031153105
ACC：0.9437360511508069
f1：0.10435349188114058
Precision：0.16737253176392938
Recall：0.07580966616841056
---------------------
2024-01-23 16:46:18 : validing
2024-01-23 16:46:18 : validing
2024-01-23 16:46:29 : AUC_valid：0.9042956526108805
ACC：0.9518156123706365
f1：0.25336315385385716
Precision：0.3838373621927784
Recall：0.1890881913303438
---------------------
2024-01-23 16:46:29 : AUC_valid：0.9042956526108805
ACC：0.9518156123706365
f1：0.25336315385385716
Precision：0.3838373621927784
Recall：0.1890881913303438
---------------------
2024-01-23 16:47:20 : validing
2024-01-23 16:47:20 : validing
2024-01-23 16:47:20 : validing
2024-01-23 16:47:32 : AUC_valid：0.9185729252139203
ACC：0.9494588492791838
f1：0.28409264288547803
Precision：0.36650657428548933
Recall：0.23193821624314898
---------------------
2024-01-23 16:47:32 : AUC_valid：0.9185729252139203
ACC：0.9494588492791838
f1：0.28409264288547803
Precision：0.36650657428548933
Recall：0.23193821624314898
---------------------
2024-01-23 16:47:32 : AUC_valid：0.9185729252139203
ACC：0.9494588492791838
f1：0.28409264288547803
Precision：0.36650657428548933
Recall：0.23193821624314898
---------------------
2024-01-23 16:48:22 : validing
2024-01-23 16:48:22 : validing
2024-01-23 16:48:22 : validing
2024-01-23 16:48:22 : validing
2024-01-23 16:48:33 : AUC_valid：0.9236600303966447
ACC：0.9511273255262863
f1：0.29427775963168623
Precision：0.3916697718709891
Recall：0.2356751370204285
---------------------
2024-01-23 16:48:33 : AUC_valid：0.9236600303966447
ACC：0.9511273255262863
f1：0.29427775963168623
Precision：0.3916697718709891
Recall：0.2356751370204285
---------------------
2024-01-23 16:48:33 : AUC_valid：0.9236600303966447
ACC：0.9511273255262863
f1：0.29427775963168623
Precision：0.3916697718709891
Recall：0.2356751370204285
---------------------
2024-01-23 16:48:33 : AUC_valid：0.9236600303966447
ACC：0.9511273255262863
f1：0.29427775963168623
Precision：0.3916697718709891
Recall：0.2356751370204285
---------------------
2024-01-23 16:49:21 : validing
2024-01-23 16:49:21 : validing
2024-01-23 16:49:21 : validing
2024-01-23 16:49:21 : validing
2024-01-23 16:49:21 : validing
2024-01-23 16:49:32 : AUC_valid：0.9246401501692779
ACC：0.9501751415350412
f1：0.312848166139311
Precision：0.3874599845457556
Recall：0.2623318385650224
---------------------
2024-01-23 16:49:32 : AUC_valid：0.9246401501692779
ACC：0.9501751415350412
f1：0.312848166139311
Precision：0.3874599845457556
Recall：0.2623318385650224
---------------------
2024-01-23 16:49:32 : AUC_valid：0.9246401501692779
ACC：0.9501751415350412
f1：0.312848166139311
Precision：0.3874599845457556
Recall：0.2623318385650224
---------------------
2024-01-23 16:49:32 : AUC_valid：0.9246401501692779
ACC：0.9501751415350412
f1：0.312848166139311
Precision：0.3874599845457556
Recall：0.2623318385650224
---------------------
2024-01-23 16:49:32 : AUC_valid：0.9246401501692779
ACC：0.9501751415350412
f1：0.312848166139311
Precision：0.3874599845457556
Recall：0.2623318385650224
---------------------
2024-01-23 16:50:20 : validing
2024-01-23 16:50:20 : validing
2024-01-23 16:50:20 : validing
2024-01-23 16:50:20 : validing
2024-01-23 16:50:20 : validing
2024-01-23 16:50:20 : validing
2024-01-23 16:50:31 : AUC_valid：0.9258788126990074
ACC：0.9527462537376453
f1：0.3055907306572116
Precision：0.41903976384789027
Recall：0.24048330842052815
---------------------
2024-01-23 16:50:31 : AUC_valid：0.9258788126990074
ACC：0.9527462537376453
f1：0.3055907306572116
Precision：0.41903976384789027
Recall：0.24048330842052815
---------------------
2024-01-23 16:50:31 : AUC_valid：0.9258788126990074
ACC：0.9527462537376453
f1：0.3055907306572116
Precision：0.41903976384789027
Recall：0.24048330842052815
---------------------
2024-01-23 16:50:31 : AUC_valid：0.9258788126990074
ACC：0.9527462537376453
f1：0.3055907306572116
Precision：0.41903976384789027
Recall：0.24048330842052815
---------------------
2024-01-23 16:50:31 : AUC_valid：0.9258788126990074
ACC：0.9527462537376453
f1：0.3055907306572116
Precision：0.41903976384789027
Recall：0.24048330842052815
---------------------
2024-01-23 16:50:31 : AUC_valid：0.9258788126990074
ACC：0.9527462537376453
f1：0.3055907306572116
Precision：0.41903976384789027
Recall：0.24048330842052815
---------------------
2024-01-23 16:51:19 : validing
2024-01-23 16:51:19 : validing
2024-01-23 16:51:19 : validing
2024-01-23 16:51:19 : validing
2024-01-23 16:51:19 : validing
2024-01-23 16:51:19 : validing
2024-01-23 16:51:19 : validing
2024-01-23 16:51:31 : AUC_valid：0.9261323187615496
ACC：0.9508052632939534
f1：0.3061286499954422
Precision：0.39229810762401685
Recall：0.25099651220727454
---------------------
2024-01-23 16:51:31 : AUC_valid：0.9261323187615496
ACC：0.9508052632939534
f1：0.3061286499954422
Precision：0.39229810762401685
Recall：0.25099651220727454
---------------------
2024-01-23 16:51:31 : AUC_valid：0.9261323187615496
ACC：0.9508052632939534
f1：0.3061286499954422
Precision：0.39229810762401685
Recall：0.25099651220727454
---------------------
2024-01-23 16:51:31 : AUC_valid：0.9261323187615496
ACC：0.9508052632939534
f1：0.3061286499954422
Precision：0.39229810762401685
Recall：0.25099651220727454
---------------------
2024-01-23 16:51:31 : AUC_valid：0.9261323187615496
ACC：0.9508052632939534
f1：0.3061286499954422
Precision：0.39229810762401685
Recall：0.25099651220727454
---------------------
2024-01-23 16:51:31 : AUC_valid：0.9261323187615496
ACC：0.9508052632939534
f1：0.3061286499954422
Precision：0.39229810762401685
Recall：0.25099651220727454
---------------------
2024-01-23 16:51:31 : AUC_valid：0.9261323187615496
ACC：0.9508052632939534
f1：0.3061286499954422
Precision：0.39229810762401685
Recall：0.25099651220727454
---------------------
2024-01-23 16:52:18 : validing
2024-01-23 16:52:18 : validing
2024-01-23 16:52:18 : validing
2024-01-23 16:52:18 : validing
2024-01-23 16:52:18 : validing
2024-01-23 16:52:18 : validing
2024-01-23 16:52:18 : validing
2024-01-23 16:52:18 : validing
2024-01-23 16:52:30 : AUC_valid：0.9264448510289236
ACC：0.9526902429146309
f1：0.30615146440870744
Precision：0.41835765477938003
Recall：0.2414050822122571
---------------------
2024-01-23 16:52:30 : AUC_valid：0.9264448510289236
ACC：0.9526902429146309
f1：0.30615146440870744
Precision：0.41835765477938003
Recall：0.2414050822122571
---------------------
2024-01-23 16:52:30 : AUC_valid：0.9264448510289236
ACC：0.9526902429146309
f1：0.30615146440870744
Precision：0.41835765477938003
Recall：0.2414050822122571
---------------------
2024-01-23 16:52:30 : AUC_valid：0.9264448510289236
ACC：0.9526902429146309
f1：0.30615146440870744
Precision：0.41835765477938003
Recall：0.2414050822122571
---------------------
2024-01-23 16:52:30 : AUC_valid：0.9264448510289236
ACC：0.9526902429146309
f1：0.30615146440870744
Precision：0.41835765477938003
Recall：0.2414050822122571
---------------------
2024-01-23 16:52:30 : AUC_valid：0.9264448510289236
ACC：0.9526902429146309
f1：0.30615146440870744
Precision：0.41835765477938003
Recall：0.2414050822122571
---------------------
2024-01-23 16:52:30 : AUC_valid：0.9264448510289236
ACC：0.9526902429146309
f1：0.30615146440870744
Precision：0.41835765477938003
Recall：0.2414050822122571
---------------------
2024-01-23 16:52:30 : AUC_valid：0.9264448510289236
ACC：0.9526902429146309
f1：0.30615146440870744
Precision：0.41835765477938003
Recall：0.2414050822122571
---------------------
2024-01-23 16:53:17 : validing
2024-01-23 16:53:17 : validing
2024-01-23 16:53:17 : validing
2024-01-23 16:53:17 : validing
2024-01-23 16:53:17 : validing
2024-01-23 16:53:17 : validing
2024-01-23 16:53:17 : validing
2024-01-23 16:53:17 : validing
2024-01-23 16:53:17 : validing
2024-01-23 16:53:29 : AUC_valid：0.9266486331795296
ACC：0.954548294255013
f1：0.29461225990872775
Precision：0.4477414765509883
Recall：0.21953163926258096
---------------------
2024-01-23 16:53:29 : AUC_valid：0.9266486331795296
ACC：0.954548294255013
f1：0.29461225990872775
Precision：0.4477414765509883
Recall：0.21953163926258096
---------------------
2024-01-23 16:53:29 : AUC_valid：0.9266486331795296
ACC：0.954548294255013
f1：0.29461225990872775
Precision：0.4477414765509883
Recall：0.21953163926258096
---------------------
2024-01-23 16:53:29 : AUC_valid：0.9266486331795296
ACC：0.954548294255013
f1：0.29461225990872775
Precision：0.4477414765509883
Recall：0.21953163926258096
---------------------
2024-01-23 16:53:29 : AUC_valid：0.9266486331795296
ACC：0.954548294255013
f1：0.29461225990872775
Precision：0.4477414765509883
Recall：0.21953163926258096
---------------------
2024-01-23 16:53:29 : AUC_valid：0.9266486331795296
ACC：0.954548294255013
f1：0.29461225990872775
Precision：0.4477414765509883
Recall：0.21953163926258096
---------------------
2024-01-23 16:53:29 : AUC_valid：0.9266486331795296
ACC：0.954548294255013
f1：0.29461225990872775
Precision：0.4477414765509883
Recall：0.21953163926258096
---------------------
2024-01-23 16:53:29 : AUC_valid：0.9266486331795296
ACC：0.954548294255013
f1：0.29461225990872775
Precision：0.4477414765509883
Recall：0.21953163926258096
---------------------
2024-01-23 16:53:29 : AUC_valid：0.9266486331795296
ACC：0.954548294255013
f1：0.29461225990872775
Precision：0.4477414765509883
Recall：0.21953163926258096
---------------------
2024-01-23 16:54:16 : validing
2024-01-23 16:54:16 : validing
2024-01-23 16:54:16 : validing
2024-01-23 16:54:16 : validing
2024-01-23 16:54:16 : validing
2024-01-23 16:54:16 : validing
2024-01-23 16:54:16 : validing
2024-01-23 16:54:16 : validing
2024-01-23 16:54:16 : validing
2024-01-23 16:54:16 : validing
2024-01-23 16:54:28 : AUC_valid：0.9275399362039762
ACC：0.9539300209394308
f1：0.301868930057945
Precision：0.43772781065088756
Recall：0.23036870951669158
---------------------
2024-01-23 16:54:28 : AUC_valid：0.9275399362039762
ACC：0.9539300209394308
f1：0.301868930057945
Precision：0.43772781065088756
Recall：0.23036870951669158
---------------------
2024-01-23 16:54:28 : AUC_valid：0.9275399362039762
ACC：0.9539300209394308
f1：0.301868930057945
Precision：0.43772781065088756
Recall：0.23036870951669158
---------------------
2024-01-23 16:54:28 : AUC_valid：0.9275399362039762
ACC：0.9539300209394308
f1：0.301868930057945
Precision：0.43772781065088756
Recall：0.23036870951669158
---------------------
2024-01-23 16:54:28 : AUC_valid：0.9275399362039762
ACC：0.9539300209394308
f1：0.301868930057945
Precision：0.43772781065088756
Recall：0.23036870951669158
---------------------
2024-01-23 16:54:28 : AUC_valid：0.9275399362039762
ACC：0.9539300209394308
f1：0.301868930057945
Precision：0.43772781065088756
Recall：0.23036870951669158
---------------------
2024-01-23 16:54:28 : AUC_valid：0.9275399362039762
ACC：0.9539300209394308
f1：0.301868930057945
Precision：0.43772781065088756
Recall：0.23036870951669158
---------------------
2024-01-23 16:54:28 : AUC_valid：0.9275399362039762
ACC：0.9539300209394308
f1：0.301868930057945
Precision：0.43772781065088756
Recall：0.23036870951669158
---------------------
2024-01-23 16:54:28 : AUC_valid：0.9275399362039762
ACC：0.9539300209394308
f1：0.301868930057945
Precision：0.43772781065088756
Recall：0.23036870951669158
---------------------
2024-01-23 16:54:28 : AUC_valid：0.9275399362039762
ACC：0.9539300209394308
f1：0.301868930057945
Precision：0.43772781065088756
Recall：0.23036870951669158
---------------------
2024-01-23 19:58:19 : validing
2024-01-23 19:58:31 : AUC_valid：0.5002342930671709
ACC：0.9149561823023034
f1：0.04346877953042089
Precision：0.042309325031838124
Recall：0.04469357249626308
---------------------
2024-01-23 19:59:23 : validing
2024-01-23 19:59:35 : AUC_valid：0.8735017038951682
ACC：0.9343046902601487
f1：0.28495726696132334
Precision：0.26912770998959185
Recall：0.30276532137518686
---------------------
2024-01-23 20:00:27 : validing
2024-01-23 20:00:39 : AUC_valid：0.8971557427230691
ACC：0.9497076665891132
f1：0.257871731701502
Precision：0.3561800219538968
Recall：0.20209267563527653
---------------------
2024-01-23 20:01:30 : validing
2024-01-23 20:01:43 : AUC_valid：0.916134428409323
ACC：0.9460981998983188
f1：0.3046245344894669
Precision：0.34442559074912016
Recall：0.27306925759840556
---------------------
2024-01-23 20:02:34 : validing
2024-01-23 20:02:47 : AUC_valid：0.917770180807082
ACC：0.9461531335901214
f1：0.307229666994637
Precision：0.3461790699853221
Recall：0.27615844544095663
---------------------
2024-01-23 20:03:38 : validing
2024-01-23 20:03:50 : AUC_valid：0.9218345802390732
ACC：0.9427817128971383
f1：0.3206425127568964
Precision：0.3294352613460174
Recall：0.31230692575984054
---------------------
2024-01-23 20:04:39 : validing
2024-01-23 20:04:51 : AUC_valid：0.9210945674526472
ACC：0.9486606950512284
f1：0.30753584867283634
Precision：0.3688961695305148
Recall：0.26367713004484306
---------------------
2024-01-23 20:05:36 : validing
2024-01-23 20:05:48 : AUC_valid：0.9221326580214454
ACC：0.9490086084326448
f1：0.30736817463568794
Precision：0.3723766307430516
Recall：0.261684105630294
---------------------
2024-01-23 20:06:40 : validing
2024-01-23 20:06:52 : AUC_valid：0.9241415903166144
ACC：0.9414751527372058
f1：0.32133399950037467
Precision：0.3222194388777555
Recall：0.3204534130543099
---------------------
2024-01-23 20:07:43 : validing
2024-01-23 20:07:56 : AUC_valid：0.9222395740325968
ACC：0.95151509276254
f1：0.286764589374277
Precision：0.3939314788211223
Recall：0.2254359740906826
---------------------
2024-01-23 21:18:52 : validing
2024-01-23 21:19:27 : AUC_valid：0.9055952060451888
ACC：0.8281461434370772
f1：0.8269754768392371
Precision：0.8213802435723951
Recall：0.8326474622770919
---------------------
2024-01-23 21:24:07 : validing
2024-01-23 21:24:42 : AUC_valid：0.9382642792127043
ACC：0.874830852503383
f1：0.8725017229496899
Precision：0.8767313019390581
Recall：0.8683127572016461
---------------------
2024-01-23 21:27:30 : validing
2024-01-23 21:28:06 : AUC_valid：0.9385316681959119
ACC：0.8741542625169147
f1：0.8720770288858323
Precision：0.8744827586206897
Recall：0.869684499314129
---------------------
2024-01-23 21:30:54 : validing
2024-01-23 21:31:29 : AUC_valid：0.9262391006939293
ACC：0.8552097428958051
f1：0.849083215796897
Precision：0.8737300435413643
Recall：0.8257887517146777
---------------------
2024-01-23 21:33:59 : validing
2024-01-23 21:34:35 : AUC_valid：0.9271145248992254
ACC：0.86468200270636
f1：0.8632010943912449
Precision：0.8608458390177354
Recall：0.8655692729766804
---------------------
2024-01-23 21:37:06 : validing
2024-01-23 21:37:41 : AUC_valid：0.9435040044247381
ACC：0.8843031123139378
f1：0.8793225123500353
Precision：0.9055232558139535
Recall：0.8545953360768176
---------------------
2024-01-23 21:40:31 : validing
2024-01-23 21:41:07 : AUC_valid：0.9462896115717161
ACC：0.8856562922868741
f1：0.8836889194769443
Precision：0.8867403314917127
Recall：0.8806584362139918
---------------------
2024-01-23 21:43:55 : validing
2024-01-23 21:44:30 : AUC_valid：0.9543827068922258
ACC：0.9066305818673883
f1：0.9034965034965035
Precision：0.9215406562054208
Recall：0.8861454046639232
---------------------
2024-01-23 21:47:18 : validing
2024-01-23 21:47:54 : AUC_valid：0.9622743447596337
ACC：0.9127198917456022
f1：0.9080541696364933
Precision：0.9451038575667656
Recall：0.8737997256515775
---------------------
2024-01-23 21:50:42 : validing
2024-01-23 21:51:17 : AUC_valid：0.9570749110382201
ACC：0.9127198917456022
f1：0.9109730848861283
Precision：0.9166666666666666
Recall：0.9053497942386831
---------------------
2024-01-23 21:53:47 : validing
2024-01-23 21:54:22 : AUC_valid：0.9596114435159087
ACC：0.9242219215155616
f1：0.9225449515905947
Precision：0.9302649930264993
Recall：0.9149519890260631
---------------------
2024-01-23 21:56:52 : validing
2024-01-23 21:57:27 : AUC_valid：0.9636497497349003
ACC：0.93234100135318
f1：0.9316939890710382
Precision：0.927891156462585
Recall：0.9355281207133059
---------------------
2024-01-23 22:00:15 : validing
2024-01-23 22:00:51 : AUC_valid：0.9658529616992754
ACC：0.9228687415426252
f1：0.9185714285714286
Precision：0.9582712369597616
Recall：0.8820301783264746
---------------------
2024-01-23 22:03:39 : validing
2024-01-23 22:04:15 : AUC_valid：0.9675800015017738
ACC：0.922192151556157
f1：0.9156272927366105
Precision：0.9842271293375394
Recall：0.8559670781893004
---------------------
2024-01-23 22:07:03 : validing
2024-01-23 22:07:38 : AUC_valid：0.9695689359933044
ACC：0.9364005412719891
f1：0.9357923497267759
Precision：0.9319727891156463
Recall：0.9396433470507545
---------------------
2024-01-23 22:10:26 : validing
2024-01-23 22:11:01 : AUC_valid：0.9733398532290883
ACC：0.9364005412719891
f1：0.9335219236209334
Precision：0.9635036496350365
Recall：0.9053497942386831
---------------------
2024-01-23 22:13:49 : validing
2024-01-23 22:14:25 : AUC_valid：0.9753672477798473
ACC：0.9411366711772666
f1：0.9385159010600708
Precision：0.967930029154519
Recall：0.9108367626886146
---------------------
2024-01-23 22:17:13 : validing
2024-01-23 22:17:48 : AUC_valid：0.9668529232392162
ACC：0.928958051420839
f1：0.9252669039145907
Precision：0.9615384615384616
Recall：0.8916323731138546
---------------------
2024-01-23 22:20:21 : validing
2024-01-23 22:20:56 : AUC_valid：0.9775429882733447
ACC：0.9533152909336942
f1：0.9524465885596141
Precision：0.9570637119113573
Recall：0.9478737997256516
---------------------
2024-01-23 22:23:44 : validing
2024-01-23 22:24:20 : AUC_valid：0.9669719662796852
ACC：0.9404600811907984
f1：0.9394773039889959
Precision：0.9420689655172414
Recall：0.9368998628257887
---------------------
2024-01-23 22:26:49 : validing
2024-01-23 22:27:24 : AUC_valid：0.9773396993888512
ACC：0.9472259810554804
f1：0.9449929478138224
Precision：0.9724238026124818
Recall：0.9190672153635117
---------------------
2024-01-23 22:29:53 : validing
2024-01-23 22:30:29 : AUC_valid：0.9773488565458105
ACC：0.9479025710419485
f1：0.9463414634146342
Precision：0.9617563739376771
Recall：0.9314128943758574
---------------------
2024-01-23 22:32:58 : validing
2024-01-23 22:33:33 : AUC_valid：0.9706018632982981
ACC：0.9431664411366711
f1：0.9416666666666668
Precision：0.9535864978902954
Recall：0.9300411522633745
---------------------
2024-01-23 22:36:03 : validing
2024-01-23 22:36:38 : AUC_valid：0.9689682264967833
ACC：0.9330175913396481
f1：0.9295373665480426
Precision：0.9659763313609467
Recall：0.8957475994513031
---------------------
2024-01-23 22:39:08 : validing
2024-01-23 22:39:43 : AUC_valid：0.9679536135057075
ACC：0.9370771312584574
f1：0.938041305796136
Precision：0.9119170984455959
Recall：0.9657064471879286
---------------------
2024-01-23 22:42:13 : validing
2024-01-23 22:42:48 : AUC_valid：0.9715926676812796
ACC：0.9445196211096076
f1：0.9432132963988921
Precision：0.9524475524475524
Recall：0.934156378600823
---------------------
2024-01-23 22:45:17 : validing
2024-01-23 22:45:53 : AUC_valid：0.9746346752231142
ACC：0.9465493910690121
f1：0.9463679565512559
Precision：0.9368279569892473
Recall：0.9561042524005487
---------------------
2024-01-23 22:48:22 : validing
2024-01-23 22:48:57 : AUC_valid：0.97785799447274
ACC：0.952638700947226
f1：0.951856946354883
Precision：0.9544827586206897
Recall：0.9492455418381345
---------------------
2024-01-23 22:51:46 : validing
2024-01-23 22:52:21 : AUC_valid：0.9488957384422944
ACC：0.915426251691475
f1：0.9080206033848417
Precision：0.9793650793650793
Recall：0.8463648834019204
---------------------
2024-01-23 22:54:50 : validing
2024-01-23 22:55:26 : AUC_valid：0.9697832134661488
ACC：0.9445196211096076
f1：0.9428969359331476
Precision：0.9575671852899575
Recall：0.9286694101508917
---------------------
2024-01-23 22:57:58 : validing
2024-01-23 22:58:34 : AUC_valid：0.960289073130887
ACC：0.9404600811907984
f1：0.938375350140056
Precision：0.9585121602288984
Recall：0.9190672153635117
---------------------
